<?xml version="1.0" encoding="UTF-8"?>
<!-- Generated by org.testng.reporters.JUnitXMLReporter -->
<testsuite hostname="mohammed" ignored="0" name="Sprint1" tests="3" failures="1" timestamp="04 Jan 2018 19:45:05 GMT" time="0.125" errors="0">
  <testcase name="TestFB" time="0.017" classname="testNGclass.Testcase1"/>
  <testcase name="TestTwiter" time="0.005" classname="testNGclass.Testcase2"/>
  <testcase name="TestWatsup" time="0.007" classname="testNGclass.Testcase3">
    <failure type="java.lang.AssertionError" message="expected [true] but found [false]">
      <![CDATA[java.lang.AssertionError: expected [true] but found [false]at testNGclass.Testcase3.TestWatsup(Testcase3.java:11)... Removed 29 stack frames]]>
    </failure>
  </testcase> <!-- TestWatsup -->
</testsuite> <!-- Sprint1 -->
