<?xml version="1.0" encoding="UTF-8"?>
<!-- Generated by org.testng.reporters.JUnitXMLReporter -->
<testsuite hostname="DESKTOP-FLR20HU" ignored="0" name="Sprint1" tests="3" failures="1" timestamp="21 Jan 2018 00:13:13 GMT" time="0.05" errors="0">
  <testcase name="TestFB" time="0.016" classname="testNGclass.Testcase1"/>
  <testcase name="TestTwiter" time="0.0" classname="testNGclass.Testcase2"/>
  <testcase name="TestWatsup" time="0.004" classname="testNGclass.Testcase3">
    <failure type="java.lang.AssertionError" message="expected [true] but found [false]">
      <![CDATA[java.lang.AssertionError: expected [true] but found [false]at testNGclass.Testcase3.TestWatsup(Testcase3.java:11)... Removed 29 stack frames]]>
    </failure>
  </testcase> <!-- TestWatsup -->
</testsuite> <!-- Sprint1 -->
