<?xml version="1.0" encoding="UTF-8"?>
<!-- Generated by org.testng.reporters.JUnitXMLReporter -->
<testsuite hostname="DESKTOP-FLR20HU" ignored="0" name="Nopackage" tests="3" failures="0" timestamp="16 Jan 2018 15:10:24 GMT" time="54.884" errors="0">
  <testcase name="feature" time="10.467" classname="cucumber.api.testng.AbstractTestNGCucumberTests"/>
  <testcase name="feature" time="10.873" classname="cucumber.api.testng.AbstractTestNGCucumberTests"/>
  <testcase name="feature" time="32.7" classname="cucumber.api.testng.AbstractTestNGCucumberTests"/>
</testsuite> <!-- Nopackage -->
