<?xml version="1.0" encoding="UTF-8"?>
<!-- Generated by org.testng.reporters.JUnitXMLReporter -->
<testsuite hostname="DESKTOP-FLR20HU" ignored="0" name="Sprint1" tests="3" failures="0" timestamp="21 Jan 2018 01:54:27 GMT" time="0.053" errors="0">
  <testcase name="TestWatsup" time="0.0" classname="testNGclass.Testcase3"/>
  <testcase name="TestTwiter" time="0.017" classname="testNGclass.Testcase2"/>
  <testcase name="TestFB" time="0.001" classname="testNGclass.Testcase1"/>
</testsuite> <!-- Sprint1 -->
