<?xml version="1.0" encoding="UTF-8"?>
<!-- Generated by org.testng.reporters.JUnitXMLReporter -->
<testsuite hostname="DESKTOP-FLR20HU" ignored="0" name="Sprint1(failed)" tests="1" failures="1" timestamp="20 Jan 2018 01:25:32 GMT" time="0.047" errors="0">
  <testcase name="TestWatsup" time="0.016" classname="testNGclass.Testcase3">
    <failure type="java.lang.AssertionError" message="expected [true] but found [false]">
      <![CDATA[java.lang.AssertionError: expected [true] but found [false]at testNGclass.Testcase3.TestWatsup(Testcase3.java:11)... Removed 29 stack frames]]>
    </failure>
  </testcase> <!-- TestWatsup -->
</testsuite> <!-- Sprint1(failed) -->
