<?xml version="1.0" encoding="UTF-8"?>
<testng-results skipped="0" failed="1" ignored="0" total="1" passed="0">
  <reporter-output>
  </reporter-output>
  <suite name="Default suite" duration-ms="2687" started-at="2018-01-27T19:16:07Z" finished-at="2018-01-27T19:16:10Z">
    <groups>
    </groups>
    <test name="Default test" duration-ms="2687" started-at="2018-01-27T19:16:07Z" finished-at="2018-01-27T19:16:10Z">
      <class name="testNGclass.SeleniumGridTest">
        <test-method status="FAIL" signature="runFirefox()[pri:0, instance:testNGclass.SeleniumGridTest@1da51a35]" name="runFirefox" duration-ms="2635" started-at="2018-01-27T14:16:07Z" finished-at="2018-01-27T14:16:10Z">
          <exception class="org.openqa.selenium.remote.UnreachableBrowserException">
            <message>
              <![CDATA[Could not start a new session. Possible causes are invalid address of the remote server or browser start-up failure.Build info: version: '2.53.0', revision: '35ae25b1534ae328c771e0856c93e187490ca824', time: '2016-03-15 10:43:46'System info: host: 'DESKTOP-FLR20HU', ip: '192.168.8.1', os.name: 'Windows 10', os.arch: 'amd64', os.version: '10.0', java.version: '1.8.0_151'Driver info: driver.version: RemoteWebDriver]]>
            </message>
            <full-stacktrace>
              <![CDATA[org.openqa.selenium.remote.UnreachableBrowserException: Could not start a new session. Possible causes are invalid address of the remote server or browser start-up failure.Build info: version: '2.53.0', revision: '35ae25b1534ae328c771e0856c93e187490ca824', time: '2016-03-15 10:43:46'System info: host: 'DESKTOP-FLR20HU', ip: '192.168.8.1', os.name: 'Windows 10', os.arch: 'amd64', os.version: '10.0', java.version: '1.8.0_151'Driver info: driver.version: RemoteWebDriverat org.openqa.selenium.remote.RemoteWebDriver.execute(RemoteWebDriver.java:665)at org.openqa.selenium.remote.RemoteWebDriver.startSession(RemoteWebDriver.java:249)at org.openqa.selenium.remote.RemoteWebDriver.<init>(RemoteWebDriver.java:131)at org.openqa.selenium.remote.RemoteWebDriver.<init>(RemoteWebDriver.java:158)at testNGclass.SeleniumGridTest.runFirefox(SeleniumGridTest.java:28)at sun.reflect.NativeMethodAccessorImpl.invoke0(Native Method)at sun.reflect.NativeMethodAccessorImpl.invoke(NativeMethodAccessorImpl.java:62)at sun.reflect.DelegatingMethodAccessorImpl.invoke(DelegatingMethodAccessorImpl.java:43)at java.lang.reflect.Method.invoke(Method.java:498)at org.testng.internal.MethodInvocationHelper.invokeMethod(MethodInvocationHelper.java:124)at org.testng.internal.Invoker.invokeMethod(Invoker.java:571)at org.testng.internal.Invoker.invokeTestMethod(Invoker.java:707)at org.testng.internal.Invoker.invokeTestMethods(Invoker.java:979)at org.testng.internal.TestMethodWorker.invokeTestMethods(TestMethodWorker.java:125)at org.testng.internal.TestMethodWorker.run(TestMethodWorker.java:109)at org.testng.TestRunner.privateRun(TestRunner.java:648)at org.testng.TestRunner.run(TestRunner.java:505)at org.testng.SuiteRunner.runTest(SuiteRunner.java:455)at org.testng.SuiteRunner.runSequentially(SuiteRunner.java:450)at org.testng.SuiteRunner.privateRun(SuiteRunner.java:415)at org.testng.SuiteRunner.run(SuiteRunner.java:364)at org.testng.SuiteRunnerWorker.runSuite(SuiteRunnerWorker.java:52)at org.testng.SuiteRunnerWorker.run(SuiteRunnerWorker.java:84)at org.testng.TestNG.runSuitesSequentially(TestNG.java:1187)at org.testng.TestNG.runSuitesLocally(TestNG.java:1116)at org.testng.TestNG.runSuites(TestNG.java:1028)at org.testng.TestNG.run(TestNG.java:996)at org.testng.remote.AbstractRemoteTestNG.run(AbstractRemoteTestNG.java:114)at org.testng.remote.RemoteTestNG.initAndRun(RemoteTestNG.java:251)at org.testng.remote.RemoteTestNG.main(RemoteTestNG.java:77)Caused by: org.apache.http.conn.HttpHostConnectException: Connect to localhost:4444 [localhost/127.0.0.1, localhost/0:0:0:0:0:0:0:1] failed: Connection refused: connectat org.apache.http.impl.conn.DefaultHttpClientConnectionOperator.connect(DefaultHttpClientConnectionOperator.java:151)at org.apache.http.impl.conn.PoolingHttpClientConnectionManager.connect(PoolingHttpClientConnectionManager.java:353)at org.apache.http.impl.execchain.MainClientExec.establishRoute(MainClientExec.java:380)at org.apache.http.impl.execchain.MainClientExec.execute(MainClientExec.java:236)at org.apache.http.impl.execchain.ProtocolExec.execute(ProtocolExec.java:184)at org.apache.http.impl.execchain.RetryExec.execute(RetryExec.java:88)at org.apache.http.impl.execchain.RedirectExec.execute(RedirectExec.java:110)at org.apache.http.impl.client.InternalHttpClient.doExecute(InternalHttpClient.java:184)at org.apache.http.impl.client.CloseableHttpClient.execute(CloseableHttpClient.java:71)at org.apache.http.impl.client.CloseableHttpClient.execute(CloseableHttpClient.java:55)at org.openqa.selenium.remote.internal.ApacheHttpClient.fallBackExecute(ApacheHttpClient.java:144)at org.openqa.selenium.remote.internal.ApacheHttpClient.execute(ApacheHttpClient.java:90)at org.openqa.selenium.remote.HttpCommandExecutor.execute(HttpCommandExecutor.java:142)at org.openqa.selenium.remote.RemoteWebDriver.execute(RemoteWebDriver.java:644)... 29 moreCaused by: java.net.ConnectException: Connection refused: connectat java.net.DualStackPlainSocketImpl.waitForConnect(Native Method)at java.net.DualStackPlainSocketImpl.socketConnect(DualStackPlainSocketImpl.java:85)at java.net.AbstractPlainSocketImpl.doConnect(AbstractPlainSocketImpl.java:350)at java.net.AbstractPlainSocketImpl.connectToAddress(AbstractPlainSocketImpl.java:206)at java.net.AbstractPlainSocketImpl.connect(AbstractPlainSocketImpl.java:188)at java.net.PlainSocketImpl.connect(PlainSocketImpl.java:172)at java.net.SocksSocketImpl.connect(SocksSocketImpl.java:392)at java.net.Socket.connect(Socket.java:589)at org.apache.http.conn.socket.PlainConnectionSocketFactory.connectSocket(PlainConnectionSocketFactory.java:74)at org.apache.http.impl.conn.DefaultHttpClientConnectionOperator.connect(DefaultHttpClientConnectionOperator.java:134)... 42 more]]>
            </full-stacktrace>
          </exception> <!-- org.openqa.selenium.remote.UnreachableBrowserException -->
          <reporter-output>
          </reporter-output>
        </test-method> <!-- runFirefox -->
      </class> <!-- testNGclass.SeleniumGridTest -->
    </test> <!-- Default test -->
  </suite> <!-- Default suite -->
</testng-results>
