<?xml version="1.0" encoding="UTF-8"?>
<testng-results skipped="0" failed="0" ignored="0" total="1" passed="1">
  <reporter-output>
  </reporter-output>
  <suite name="Default suite" duration-ms="13052" started-at="2018-01-27T20:31:38Z" finished-at="2018-01-27T20:31:51Z">
    <groups>
    </groups>
    <test name="Default test" duration-ms="13052" started-at="2018-01-27T20:31:38Z" finished-at="2018-01-27T20:31:51Z">
      <class name="testNGclass.RobotClass">
        <test-method status="PASS" signature="TestRobo()[pri:0, instance:testNGclass.RobotClass@543788f3]" name="TestRobo" duration-ms="13024" started-at="2018-01-27T15:31:38Z" finished-at="2018-01-27T15:31:51Z">
          <reporter-output>
          </reporter-output>
        </test-method> <!-- TestRobo -->
      </class> <!-- testNGclass.RobotClass -->
    </test> <!-- Default test -->
  </suite> <!-- Default suite -->
</testng-results>
