<?xml version="1.0" encoding="UTF-8"?>
<testng-results skipped="0" failed="0" ignored="0" total="1" passed="1">
  <reporter-output>
  </reporter-output>
  <suite name="Default suite" duration-ms="74" started-at="2018-02-04T17:46:32Z" finished-at="2018-02-04T17:46:32Z">
    <groups>
    </groups>
    <test name="Default test" duration-ms="74" started-at="2018-02-04T17:46:32Z" finished-at="2018-02-04T17:46:32Z">
      <class name="com.collectionClass.HashMapClass">
        <test-method status="PASS" signature="HashMaps()[pri:0, instance:com.collectionClass.HashMapClass@24b1d79b]" name="HashMaps" duration-ms="23" started-at="2018-02-04T12:46:32Z" finished-at="2018-02-04T12:46:32Z">
          <reporter-output>
          </reporter-output>
        </test-method> <!-- HashMaps -->
      </class> <!-- com.collectionClass.HashMapClass -->
    </test> <!-- Default test -->
  </suite> <!-- Default suite -->
</testng-results>
