<?xml version="1.0" encoding="UTF-8"?>
<testng-results skipped="0" failed="0" ignored="0" total="1" passed="1">
  <reporter-output>
  </reporter-output>
  <suite name="Default suite" duration-ms="15635" started-at="2018-01-25T22:01:23Z" finished-at="2018-01-25T22:01:39Z">
    <groups>
    </groups>
    <test name="Default test" duration-ms="15635" started-at="2018-01-25T22:01:23Z" finished-at="2018-01-25T22:01:39Z">
      <class name="testNGclass.ScreanshortTest">
        <test-method status="PASS" signature="captureScreenshort()[pri:0, instance:testNGclass.ScreanshortTest@1da51a35]" name="captureScreenshort" duration-ms="15600" started-at="2018-01-25T17:01:23Z" finished-at="2018-01-25T17:01:39Z">
          <reporter-output>
          </reporter-output>
        </test-method> <!-- captureScreenshort -->
      </class> <!-- testNGclass.ScreanshortTest -->
    </test> <!-- Default test -->
  </suite> <!-- Default suite -->
</testng-results>
