<?xml version="1.0" encoding="UTF-8"?>
<!-- Generated by org.testng.reporters.JUnitXMLReporter -->
<testsuite hostname="DESKTOP-FLR20HU" ignored="0" name="EdgeTest" tests="1" failures="0" timestamp="04 Feb 2018 15:25:17 GMT" time="0.015" errors="0">
  <testcase name="@BeforeTest setup" time="0.006" classname="testNGclass.CrossBrowse">
    <failure type="java.lang.IllegalStateException" message="The path to the driver executable must be set by the webdriver.edge.driver system property; for more information, see https://github.com/SeleniumHQ/selenium/wiki/MicrosoftWebDriver. The latest version can be downloaded from http://go.microsoft.com/fwlink/?LinkId=619687">
      <![CDATA[java.lang.IllegalStateException: The path to the driver executable must be set by the webdriver.edge.driver system property; for more information, see https://github.com/SeleniumHQ/selenium/wiki/MicrosoftWebDriver. The latest version can be downloaded from http://go.microsoft.com/fwlink/?LinkId=619687at com.google.common.base.Preconditions.checkState(Preconditions.java:469)at org.openqa.selenium.remote.service.DriverService.findExecutable(DriverService.java:109)at org.openqa.selenium.edge.EdgeDriverService.access$000(EdgeDriverService.java:33)at org.openqa.selenium.edge.EdgeDriverService$Builder.findDefaultExecutable(EdgeDriverService.java:63)at org.openqa.selenium.remote.service.DriverService$Builder.build(DriverService.java:296)at org.openqa.selenium.edge.EdgeDriverService.createDefaultService(EdgeDriverService.java:55)at org.openqa.selenium.edge.EdgeDriver.<init>(EdgeDriver.java:98)at testNGclass.CrossBrowse.setup(CrossBrowse.java:45)... Removed 24 stack frames]]>
    </failure>
  </testcase> <!-- @BeforeTest setup -->
  <testcase name="testParameterWithXML" time="0.0" classname="testNGclass.CrossBrowse">
    <skipped/>
  </testcase> <!-- testParameterWithXML -->
</testsuite> <!-- EdgeTest -->
